<?xml version="1.0" encoding="UTF-8"?>
<testng-results ignored="0" total="1" passed="1" failed="0" skipped="0">
  <reporter-output>
  </reporter-output>
  <suite started-at="2021-06-25T01:26:32 EDT" name="Default suite" finished-at="2021-06-25T01:26:39 EDT" duration-ms="7141">
    <groups>
    </groups>
    <test started-at="2021-06-25T01:26:32 EDT" name="Default test" finished-at="2021-06-25T01:26:39 EDT" duration-ms="7141">
      <class name="FirstPackage.Project_class">
        <test-method signature="testlogo()[pri:0, instance:FirstPackage.Project_class@29176cc1]" started-at="2021-06-25T01:26:32 EDT" name="testlogo" finished-at="2021-06-25T01:26:39 EDT" duration-ms="7006" status="PASS">
          <reporter-output>
          </reporter-output>
        </test-method> <!-- testlogo -->
      </class> <!-- FirstPackage.Project_class -->
    </test> <!-- Default test -->
  </suite> <!-- Default suite -->
</testng-results>
